  l-system-tree.cpp
C:\Users\Ricar\Dropbox\Universidad\Asignaturas\3 Tercero\Realidad Virtual\Practica\L-Systems-OpenGL\Codigo\l-system-tree\l-system-tree.cpp(59,109): warning C4305: 'inicializando': truncamiento de 'double' a 'float'
C:\Users\Ricar\Dropbox\Universidad\Asignaturas\3 Tercero\Realidad Virtual\Practica\L-Systems-OpenGL\Codigo\l-system-tree\l-system-tree.cpp(165,29): warning C4244: 'argumento': conversión de 'float' a 'const unsigned int'; posible pérdida de datos
C:\Users\Ricar\Dropbox\Universidad\Asignaturas\3 Tercero\Realidad Virtual\Practica\L-Systems-OpenGL\Codigo\l-system-tree\l-system-tree.cpp(166,20): warning C4018: '<': no coinciden signed/unsigned
C:\Users\Ricar\Dropbox\Universidad\Asignaturas\3 Tercero\Realidad Virtual\Practica\L-Systems-OpenGL\Codigo\l-system-tree\l-system-tree.cpp(197,20): warning C4018: '<': no coinciden signed/unsigned
C:\Users\Ricar\Dropbox\Universidad\Asignaturas\3 Tercero\Realidad Virtual\Practica\L-Systems-OpenGL\Codigo\l-system-tree\l-system-tree.cpp(226,26): warning C4018: '<': no coinciden signed/unsigned
C:\Users\Ricar\Dropbox\Universidad\Asignaturas\3 Tercero\Realidad Virtual\Practica\L-Systems-OpenGL\Codigo\l-system-tree\l-system-tree.cpp(322,16): warning C4305: '=': truncamiento de 'double' a 'float'
C:\Users\Ricar\Dropbox\Universidad\Asignaturas\3 Tercero\Realidad Virtual\Practica\L-Systems-OpenGL\Codigo\l-system-tree\l-system-tree.cpp(325,15): warning C4305: '=': truncamiento de 'double' a 'float'
C:\Users\Ricar\Dropbox\Universidad\Asignaturas\3 Tercero\Realidad Virtual\Practica\L-Systems-OpenGL\Codigo\l-system-tree\l-system-tree.cpp(330,15): warning C4305: '=': truncamiento de 'double' a 'float'
C:\Users\Ricar\Dropbox\Universidad\Asignaturas\3 Tercero\Realidad Virtual\Practica\L-Systems-OpenGL\Codigo\l-system-tree\l-system-tree.cpp(333,14): warning C4305: '=': truncamiento de 'double' a 'float'
C:\Users\Ricar\Dropbox\Universidad\Asignaturas\3 Tercero\Realidad Virtual\Practica\L-Systems-OpenGL\Codigo\l-system-tree\l-system-tree.cpp(341,19): warning C4244: '+=': conversión de 'double' a 'float'; posible pérdida de datos
C:\Users\Ricar\Dropbox\Universidad\Asignaturas\3 Tercero\Realidad Virtual\Practica\L-Systems-OpenGL\Codigo\l-system-tree\l-system-tree.cpp(354,10): warning C4244: 'inicializando': conversión de 'double' a 'float'; posible pérdida de datos
C:\Users\Ricar\Dropbox\Universidad\Asignaturas\3 Tercero\Realidad Virtual\Practica\L-Systems-OpenGL\Codigo\l-system-tree\l-system-tree.cpp(454,16): warning C4305: '=': truncamiento de 'double' a 'float'
C:\Users\Ricar\Dropbox\Universidad\Asignaturas\3 Tercero\Realidad Virtual\Practica\L-Systems-OpenGL\Codigo\l-system-tree\l-system-tree.cpp(456,23): warning C4305: '=': truncamiento de 'double' a 'float'
C:\Users\Ricar\Dropbox\Universidad\Asignaturas\3 Tercero\Realidad Virtual\Practica\L-Systems-OpenGL\Codigo\l-system-tree\l-system-tree.cpp(461,19): warning C4305: '=': truncamiento de 'double' a 'float'
C:\Users\Ricar\Dropbox\Universidad\Asignaturas\3 Tercero\Realidad Virtual\Practica\L-Systems-OpenGL\Codigo\l-system-tree\l-system-tree.cpp(471,19): warning C4305: '=': truncamiento de 'double' a 'float'
C:\Users\Ricar\Dropbox\Universidad\Asignaturas\3 Tercero\Realidad Virtual\Practica\L-Systems-OpenGL\Codigo\l-system-tree\l-system-tree.cpp(474,16): warning C4305: '=': truncamiento de 'double' a 'float'
C:\Users\Ricar\Dropbox\Universidad\Asignaturas\3 Tercero\Realidad Virtual\Practica\L-Systems-OpenGL\Codigo\l-system-tree\l-system-tree.cpp(476,19): warning C4305: '=': truncamiento de 'double' a 'float'
C:\Users\Ricar\Dropbox\Universidad\Asignaturas\3 Tercero\Realidad Virtual\Practica\L-Systems-OpenGL\Codigo\l-system-tree\l-system-tree.cpp(582,12): warning C4244: 'argumento': conversión de 'time_t' a 'unsigned int'; posible pérdida de datos
  l-system-tree.vcxproj -> C:\Users\Ricar\Dropbox\Universidad\Asignaturas\3 Tercero\Realidad Virtual\Practica\L-Systems-OpenGL\Codigo\Debug\l-system-tree.exe
