The system is: Windows - 10.0.18363 - AMD64
Compiling the C compiler identification source file "CMakeCCompilerId.c" succeeded.
Compiler: C:/Program Files (x86)/Microsoft Visual Studio/2019/Enterprise/VC/Tools/MSVC/14.25.28610/bin/HostX64/x64/cl.exe 
Build flags: 
Id flags:  

The output was:
0
Compilador de optimización de C/C++ de Microsoft (R) versión 19.25.28612 para x64
(C) Microsoft Corporation. Todos los derechos reservados.

CMakeCCompilerId.c
Microsoft (R) Incremental Linker Version 14.25.28612.0
Copyright (C) Microsoft Corporation.  All rights reserved.

/out:CMakeCCompilerId.exe 
CMakeCCompilerId.obj 


Compilation of the C compiler identification source "CMakeCCompilerId.c" produced "CMakeCCompilerId.exe"

Compilation of the C compiler identification source "CMakeCCompilerId.c" produced "CMakeCCompilerId.obj"

The C compiler identification is MSVC, found in "C:/Users/Ricar/Dropbox/Universidad/Asignaturas/3 Tercero/Realidad Virtual/Practica/L-Systems-OpenGL/Codigo/Include/glm/out/build/x64-Debug/CMakeFiles/3.16.19112601-MSVC_2/CompilerIdC/CMakeCCompilerId.exe"

Compiling the CXX compiler identification source file "CMakeCXXCompilerId.cpp" succeeded.
Compiler: C:/Program Files (x86)/Microsoft Visual Studio/2019/Enterprise/VC/Tools/MSVC/14.25.28610/bin/HostX64/x64/cl.exe 
Build flags: 
Id flags:  

The output was:
0
Compilador de optimización de C/C++ de Microsoft (R) versión 19.25.28612 para x64
(C) Microsoft Corporation. Todos los derechos reservados.

CMakeCXXCompilerId.cpp
Microsoft (R) Incremental Linker Version 14.25.28612.0
Copyright (C) Microsoft Corporation.  All rights reserved.

/out:CMakeCXXCompilerId.exe 
CMakeCXXCompilerId.obj 


Compilation of the CXX compiler identification source "CMakeCXXCompilerId.cpp" produced "CMakeCXXCompilerId.exe"

Compilation of the CXX compiler identification source "CMakeCXXCompilerId.cpp" produced "CMakeCXXCompilerId.obj"

The CXX compiler identification is MSVC, found in "C:/Users/Ricar/Dropbox/Universidad/Asignaturas/3 Tercero/Realidad Virtual/Practica/L-Systems-OpenGL/Codigo/Include/glm/out/build/x64-Debug/CMakeFiles/3.16.19112601-MSVC_2/CompilerIdCXX/CMakeCXXCompilerId.exe"

Determining if the C compiler works passed with the following output:
Change Dir: C:/Users/Ricar/Dropbox/Universidad/Asignaturas/3 Tercero/Realidad Virtual/Practica/L-Systems-OpenGL/Codigo/Include/glm/out/build/x64-Debug/CMakeFiles/CMakeTmp

Run Build Command(s):C:/Program Files (x86)/Microsoft Visual Studio/2019/Enterprise/Common7/IDE/CommonExtensions/Microsoft/CMake/Ninja/ninja.exe cmTC_337e4 && [1/2] Building C object CMakeFiles\cmTC_337e4.dir\testCCompiler.c.obj
[2/2] Linking C executable cmTC_337e4.exe



Detecting C compiler ABI info compiled with the following output:
Change Dir: C:/Users/Ricar/Dropbox/Universidad/Asignaturas/3 Tercero/Realidad Virtual/Practica/L-Systems-OpenGL/Codigo/Include/glm/out/build/x64-Debug/CMakeFiles/CMakeTmp

Run Build Command(s):C:/Program Files (x86)/Microsoft Visual Studio/2019/Enterprise/Common7/IDE/CommonExtensions/Microsoft/CMake/Ninja/ninja.exe cmTC_39224 && [1/2] Building C object CMakeFiles\cmTC_39224.dir\CMakeCCompilerABI.c.obj
Nota: inclusión del archivo: C:\Program Files (x86)\Microsoft Visual Studio\2019\Enterprise\Common7\IDE\CommonExtensions\Microsoft\CMake\CMake\share\cmake-3.16\Modules\CMakeCompilerABI.h
[2/2] Linking C executable cmTC_39224.exe



Determining if the CXX compiler works passed with the following output:
Change Dir: C:/Users/Ricar/Dropbox/Universidad/Asignaturas/3 Tercero/Realidad Virtual/Practica/L-Systems-OpenGL/Codigo/Include/glm/out/build/x64-Debug/CMakeFiles/CMakeTmp

Run Build Command(s):C:/Program Files (x86)/Microsoft Visual Studio/2019/Enterprise/Common7/IDE/CommonExtensions/Microsoft/CMake/Ninja/ninja.exe cmTC_221f8 && [1/2] Building CXX object CMakeFiles\cmTC_221f8.dir\testCXXCompiler.cxx.obj
[2/2] Linking CXX executable cmTC_221f8.exe



Detecting CXX compiler ABI info compiled with the following output:
Change Dir: C:/Users/Ricar/Dropbox/Universidad/Asignaturas/3 Tercero/Realidad Virtual/Practica/L-Systems-OpenGL/Codigo/Include/glm/out/build/x64-Debug/CMakeFiles/CMakeTmp

Run Build Command(s):C:/Program Files (x86)/Microsoft Visual Studio/2019/Enterprise/Common7/IDE/CommonExtensions/Microsoft/CMake/Ninja/ninja.exe cmTC_f2b91 && [1/2] Building CXX object CMakeFiles\cmTC_f2b91.dir\CMakeCXXCompilerABI.cpp.obj
Nota: inclusión del archivo: C:\Program Files (x86)\Microsoft Visual Studio\2019\Enterprise\Common7\IDE\CommonExtensions\Microsoft\CMake\CMake\share\cmake-3.16\Modules\CMakeCompilerABI.h
[2/2] Linking CXX executable cmTC_f2b91.exe



